[02Jun2025 00:05:21.040] [Server thread/INFO] [net.minecraft.world.entity.npc.Villager/]: Villager Villager['Villager'/61765, l='ServerLevel[world]', x=675.45, y=78.00, z=-183.59] died, message: 'Villager was slain by Zombie'
[02Jun2025 00:10:35.442] [Server thread/INFO] [net.minecraft.server.network.ServerGamePacketListenerImpl/]: Manch lost connection: Disconnected
[02Jun2025 00:10:35.442] [Server thread/INFO] [net.minecraft.server.MinecraftServer/]: Manch left the game
[02Jun2025 00:11:09.004] [Server thread/INFO] [net.minecraft.server.network.ServerGamePacketListenerImpl/]: dogepreo lost connection: Disconnected
[02Jun2025 00:11:09.004] [Server thread/INFO] [net.minecraft.server.MinecraftServer/]: dogepreo left the game
[02Jun2025 00:12:24.447] [Server thread/INFO] [net.minecraft.server.players.PlayerList/]: Manch[/127.193.182.39:51315] logged in with entity id 67258 at (880.0100857865345, 98.0, -1736.1431610242346)
[02Jun2025 00:12:24.456] [Server thread/INFO] [net.minecraft.server.MinecraftServer/]: Manch joined the game
[02Jun2025 00:12:40.365] [Server thread/INFO] [net.minecraft.server.players.PlayerList/]: alexaa0310[/127.203.229.235:40297] logged in with entity id 67571 at (1185.0838999608206, 63.0, -1245.7187731317335)
[02Jun2025 00:12:40.374] [Server thread/INFO] [net.minecraft.server.MinecraftServer/]: alexaa0310 joined the game
[02Jun2025 00:16:23.624] [Server thread/INFO] [net.minecraft.server.MinecraftServer/]: [Not Secure] <alexaa0310> Esponya
[02Jun2025 00:16:41.481] [Server thread/INFO] [net.minecraft.server.players.PlayerList/]: dogepreo[/127.122.50.165:42921] logged in with entity id 70087 at (1550.4057836406546, 63.0, -914.9076652970479)
[02Jun2025 00:16:41.492] [Server thread/INFO] [net.minecraft.server.MinecraftServer/]: dogepreo joined the game
[02Jun2025 00:16:50.045] [Server thread/INFO] [net.minecraft.server.MinecraftServer/]: [Not Secure] <alexaa0310> zzz
[02Jun2025 00:17:01.247] [Server thread/INFO] [net.minecraft.server.network.ServerGamePacketListenerImpl/]: dogepreo lost connection: Disconnected
[02Jun2025 00:17:01.247] [Server thread/INFO] [net.minecraft.server.MinecraftServer/]: dogepreo left the game
[02Jun2025 00:17:51.015] [Server thread/INFO] [net.minecraft.server.players.PlayerList/]: dogepreo[/127.122.50.165:57721] logged in with entity id 70945 at (1550.4057836406546, 63.0, -914.9076652970479)
[02Jun2025 00:17:51.025] [Server thread/INFO] [net.minecraft.server.MinecraftServer/]: dogepreo joined the game
[02Jun2025 00:20:50.542] [Server thread/WARN] [net.minecraft.server.MinecraftServer/]: Can't keep up! Is the server overloaded? Running 2010ms or 40 ticks behind
[02Jun2025 00:21:17.440] [Server thread/WARN] [net.minecraft.server.MinecraftServer/]: Can't keep up! Is the server overloaded? Running 2008ms or 40 ticks behind
[02Jun2025 00:21:44.833] [Server thread/WARN] [net.minecraft.server.MinecraftServer/]: Can't keep up! Is the server overloaded? Running 2002ms or 40 ticks behind
[02Jun2025 00:21:55.287] [Server thread/INFO] [net.minecraft.server.network.ServerGamePacketListenerImpl/]: Manch lost connection: Timed out
[02Jun2025 00:21:55.287] [Server thread/INFO] [net.minecraft.server.MinecraftServer/]: Manch left the game
[02Jun2025 00:21:55.352] [Server thread/WARN] [net.minecraft.network.Connection/]: handleDisconnection() called twice
